<?xml version="1.0" encoding="UTF-8"?>
<!-- Generated by org.testng.reporters.JUnitReportReporter -->
<testsuite hostname="DLLB0015" name="com.jav.Canada.tests.EOLCanadaReceiveInfo_Test" tests="16" failures="12" timestamp="26 Feb 2013 06:39:53 GMT" time="26.074" errors="0">
  <testcase name="homePageactions" time="6.309" classname="com.jav.Canada.tests.EOLCanadaReceiveInfo_Test"/>
  <testcase name="enterStudentInformationOnStep1Page" time="10.010" classname="com.jav.Canada.tests.EOLCanadaReceiveInfo_Test">
    <failure type="org.openqa.selenium.ElementNotVisibleException" message="Cannot click on element (WARNING: The server did not provide any stacktrace information)
Command duration or timeout: 65 milliseconds
Build info: version: &#039;2.25.0&#039;, revision: &#039;17482&#039;, time: &#039;2012-07-18 22:18:01&#039;
System info: os.name: &#039;Windows 7&#039;, os.arch: &#039;x86&#039;, os.version: &#039;6.1&#039;, java.version: &#039;1.6.0_23&#039;
Driver info: driver.version: RemoteWebDriver
Session ID: 6d69d276-7487-4c40-8e4e-065dab5510af">
      <![CDATA[org.openqa.selenium.ElementNotVisibleException: Cannot click on element (WARNING: The server did not provide any stacktrace information)
Command duration or timeout: 65 milliseconds
Build info: version: '2.25.0', revision: '17482', time: '2012-07-18 22:18:01'
System info: os.name: 'Windows 7', os.arch: 'x86', os.version: '6.1', java.version: '1.6.0_23'
Driver info: driver.version: RemoteWebDriver
Session ID: 6d69d276-7487-4c40-8e4e-065dab5510af
	at sun.reflect.NativeConstructorAccessorImpl.newInstance0(Native Method)
	at sun.reflect.NativeConstructorAccessorImpl.newInstance(Unknown Source)
	at sun.reflect.DelegatingConstructorAccessorImpl.newInstance(Unknown Source)
	at java.lang.reflect.Constructor.newInstance(Unknown Source)
	at org.openqa.selenium.remote.ErrorHandler.createThrowable(ErrorHandler.java:188)
	at org.openqa.selenium.remote.ErrorHandler.throwIfResponseFailed(ErrorHandler.java:145)
	at org.openqa.selenium.remote.RemoteWebDriver.execute(RemoteWebDriver.java:498)
	at org.openqa.selenium.remote.RemoteWebElement.execute(RemoteWebElement.java:244)
	at org.openqa.selenium.remote.RemoteWebElement.click(RemoteWebElement.java:77)
	at sun.reflect.NativeMethodAccessorImpl.invoke0(Native Method)
	at sun.reflect.NativeMethodAccessorImpl.invoke(Unknown Source)
	at sun.reflect.DelegatingMethodAccessorImpl.invoke(Unknown Source)
	at java.lang.reflect.Method.invoke(Unknown Source)
	at org.openqa.selenium.support.pagefactory.internal.LocatingElementHandler.invoke(LocatingElementHandler.java:41)
	at $Proxy9.click(Unknown Source)
	at com.jav.Canada.pageobjects.EOLCanadaReceiveInfo_UI.fillFormStep1ForCanada(EOLCanadaReceiveInfo_UI.java:438)
	at com.jav.Canada.fixture.EOLCanadaReceiveInfo_Fixture.enterStudentInformationInStep1Form(EOLCanadaReceiveInfo_Fixture.java:30)
	at com.jav.Canada.tests.EOLCanadaReceiveInfo_Test.enterStudentInformationOnStep1Page(EOLCanadaReceiveInfo_Test.java:112)
	at sun.reflect.NativeMethodAccessorImpl.invoke0(Native Method)
	at sun.reflect.NativeMethodAccessorImpl.invoke(Unknown Source)
	at sun.reflect.DelegatingMethodAccessorImpl.invoke(Unknown Source)
	at java.lang.reflect.Method.invoke(Unknown Source)
	at org.testng.internal.MethodInvocationHelper.invokeMethod(MethodInvocationHelper.java:80)
	at org.testng.internal.Invoker.invokeMethod(Invoker.java:714)
	at org.testng.internal.Invoker.invokeTestMethod(Invoker.java:901)
	at org.testng.internal.Invoker.invokeTestMethods(Invoker.java:1231)
	at org.testng.internal.TestMethodWorker.invokeTestMethods(TestMethodWorker.java:127)
	at org.testng.internal.TestMethodWorker.run(TestMethodWorker.java:111)
	at org.testng.TestRunner.privateRun(TestRunner.java:767)
	at org.testng.TestRunner.run(TestRunner.java:617)
	at org.testng.SuiteRunner.runTest(SuiteRunner.java:334)
	at org.testng.SuiteRunner.runSequentially(SuiteRunner.java:329)
	at org.testng.SuiteRunner.privateRun(SuiteRunner.java:291)
	at org.testng.SuiteRunner.run(SuiteRunner.java:240)
	at org.testng.SuiteRunnerWorker.runSuite(SuiteRunnerWorker.java:52)
	at org.testng.SuiteRunnerWorker.run(SuiteRunnerWorker.java:86)
	at org.testng.TestNG.runSuitesSequentially(TestNG.java:1197)
	at org.testng.TestNG.runSuitesLocally(TestNG.java:1122)
	at org.testng.TestNG.run(TestNG.java:1030)
	at org.testng.remote.RemoteTestNG.run(RemoteTestNG.java:111)
	at org.testng.remote.RemoteTestNG.initAndRun(RemoteTestNG.java:204)
	at org.testng.remote.RemoteTestNG.main(RemoteTestNG.java:175)
]]>
    </failure>
  </testcase> <!-- enterStudentInformationOnStep1Page -->
  <testcase name="enterRemaningInformationOnPersonalInformatoinPage" time="0.000" classname="com.jav.Canada.tests.EOLCanadaReceiveInfo_Test"/>
  <testcase name="redirectToThankYouPageAndClickEnrollOnLine" time="0.000" classname="com.jav.Canada.tests.EOLCanadaReceiveInfo_Test"/>
  <testcase name="verifyElementsDisplayAfterSelectModeOfPayment" time="0.000" classname="com.jav.Canada.tests.EOLCanadaReceiveInfo_Test"/>
  <testcase name="launchHomePage" time="4.279" classname="com.jav.Canada.tests.EOLCanadaReceiveInfo_Test"/>
  <testcase name="enterCreditCardInformation" time="0.000" classname="com.jav.Canada.tests.EOLCanadaReceiveInfo_Test"/>
  <testcase name="verifyandClickOnTermAndConditionsDisplayOnReviewandSubmitPage" time="0.000" classname="com.jav.Canada.tests.EOLCanadaReceiveInfo_Test"/>
  <testcase name="selectModeOfPaymentandProvideInformation" time="0.000" classname="com.jav.Canada.tests.EOLCanadaReceiveInfo_Test"/>
  <testcase name="verifyEditButtonOnReviewAndSubmit" time="0.000" classname="com.jav.Canada.tests.EOLCanadaReceiveInfo_Test"/>
  <testcase name="setup" time="2.107" classname="com.jav.Canada.tests.EOLCanadaReceiveInfo_Test"/>
  <testcase name="verifyElementsDisplayOnReviewAndSubmitPage" time="0.000" classname="com.jav.Canada.tests.EOLCanadaReceiveInfo_Test"/>
  <testcase name="verifyredirectToPaymentInformationPage" time="0.000" classname="com.jav.Canada.tests.EOLCanadaReceiveInfo_Test"/>
  <testcase name="verifyElementsDisplayOnStep1EnrollmentProcess" time="3.366" classname="com.jav.Canada.tests.EOLCanadaReceiveInfo_Test"/>
  <testcase name="verifyElementDisplayOnPersonalInformationPage" time="0.003" classname="com.jav.Canada.tests.EOLCanadaReceiveInfo_Test"/>
  <testcase name="verifyElementsDisplayOnPaymentInformation" time="0.000" classname="com.jav.Canada.tests.EOLCanadaReceiveInfo_Test"/>
</testsuite> <!-- com.jav.Canada.tests.EOLCanadaReceiveInfo_Test -->
