<?xml version="1.0" encoding="UTF-8"?>
<!-- Generated by org.testng.reporters.JUnitReportReporter -->
<testsuite hostname="LNDA0183" name="com.jav.Canada.tests.EOLCanadaEnrollNow_nocourse_Test" tests="18" failures="12" timestamp="15 Mar 2013 10:14:16 GMT" time="89.752" errors="0">
  <testcase name="enterRemaningInformationOnPersonalInformatoinPage" time="0.000" classname="com.jav.Canada.tests.EOLCanadaEnrollNow_nocourse_Test"/>
  <testcase name="enterCreditCardInformation" time="0.000" classname="com.jav.Canada.tests.EOLCanadaEnrollNow_nocourse_Test"/>
  <testcase name="verifyElementsDisplayAfterSelectModeOfPayment" time="0.000" classname="com.jav.Canada.tests.EOLCanadaEnrollNow_nocourse_Test"/>
  <testcase name="verifyElementsDisplayOnPaymentInformation" time="0.000" classname="com.jav.Canada.tests.EOLCanadaEnrollNow_nocourse_Test"/>
  <testcase name="verifyandClickOnTermAndComtitionsDisplayOnReviewandSubmitPage" time="0.000" classname="com.jav.Canada.tests.EOLCanadaEnrollNow_nocourse_Test"/>
  <testcase name="getNumberOfCourseAvailable" time="3.339" classname="com.jav.Canada.tests.EOLCanadaEnrollNow_nocourse_Test"/>
  <testcase name="verifyElementsDisplayOnStep1EnrollmentProcess" time="31.541" classname="com.jav.Canada.tests.EOLCanadaEnrollNow_nocourse_Test"/>
  <testcase name="selectCourseFromAvailableCourses" time="4.436" classname="com.jav.Canada.tests.EOLCanadaEnrollNow_nocourse_Test"/>
  <testcase name="verifyElementDisplayOnPersonalInformationPage" time="0.000" classname="com.jav.Canada.tests.EOLCanadaEnrollNow_nocourse_Test"/>
  <testcase name="verifyredirectToPaymentInformationPage" time="0.000" classname="com.jav.Canada.tests.EOLCanadaEnrollNow_nocourse_Test"/>
  <testcase name="enterStudentInformationOnStep1Page" time="30.336" classname="com.jav.Canada.tests.EOLCanadaEnrollNow_nocourse_Test">
    <failure type="org.openqa.selenium.ElementNotVisibleException" message="Element must be displayed to click (WARNING: The server did not provide any stacktrace information)
Command duration or timeout: 22 milliseconds
Build info: version: &#039;2.25.0&#039;, revision: &#039;17482&#039;, time: &#039;2012-07-18 22:18:01&#039;
System info: os.name: &#039;Windows Vista&#039;, os.arch: &#039;x86&#039;, os.version: &#039;6.1&#039;, java.version: &#039;1.6.0&#039;
Driver info: driver.version: RemoteWebDriver
Session ID: a43f529a71607efc72f7ac47bf407357">
      <![CDATA[org.openqa.selenium.ElementNotVisibleException: Element must be displayed to click (WARNING: The server did not provide any stacktrace information)
Command duration or timeout: 22 milliseconds
Build info: version: '2.25.0', revision: '17482', time: '2012-07-18 22:18:01'
System info: os.name: 'Windows Vista', os.arch: 'x86', os.version: '6.1', java.version: '1.6.0'
Driver info: driver.version: RemoteWebDriver
Session ID: a43f529a71607efc72f7ac47bf407357
	at sun.reflect.NativeConstructorAccessorImpl.newInstance0(Native Method)
	at sun.reflect.NativeConstructorAccessorImpl.newInstance(NativeConstructorAccessorImpl.java:39)
	at sun.reflect.DelegatingConstructorAccessorImpl.newInstance(DelegatingConstructorAccessorImpl.java:27)
	at java.lang.reflect.Constructor.newInstance(Constructor.java:513)
	at org.openqa.selenium.remote.ErrorHandler.createThrowable(ErrorHandler.java:188)
	at org.openqa.selenium.remote.ErrorHandler.throwIfResponseFailed(ErrorHandler.java:145)
	at org.openqa.selenium.remote.RemoteWebDriver.execute(RemoteWebDriver.java:498)
	at org.openqa.selenium.remote.RemoteWebElement.execute(RemoteWebElement.java:244)
	at org.openqa.selenium.remote.RemoteWebElement.click(RemoteWebElement.java:77)
	at sun.reflect.NativeMethodAccessorImpl.invoke0(Native Method)
	at sun.reflect.NativeMethodAccessorImpl.invoke(NativeMethodAccessorImpl.java:39)
	at sun.reflect.DelegatingMethodAccessorImpl.invoke(DelegatingMethodAccessorImpl.java:25)
	at java.lang.reflect.Method.invoke(Method.java:597)
	at org.openqa.selenium.support.pagefactory.internal.LocatingElementHandler.invoke(LocatingElementHandler.java:41)
	at $Proxy8.click(Unknown Source)
	at com.jav.Canada.pageobjects.EOLCanadaEnrollNow_nocourse_UI.fillFormStep1ForCanada(EOLCanadaEnrollNow_nocourse_UI.java:511)
	at com.jav.Canada.fixture.EOLCanadaEnrollNow_nocourse_Fixture.enterStudentInformationInStep1Form(EOLCanadaEnrollNow_nocourse_Fixture.java:36)
	at com.jav.Canada.tests.EOLCanadaEnrollNow_nocourse_Test.enterStudentInformationOnStep1Page(EOLCanadaEnrollNow_nocourse_Test.java:144)
	at sun.reflect.NativeMethodAccessorImpl.invoke0(Native Method)
	at sun.reflect.NativeMethodAccessorImpl.invoke(NativeMethodAccessorImpl.java:39)
	at sun.reflect.DelegatingMethodAccessorImpl.invoke(DelegatingMethodAccessorImpl.java:25)
	at java.lang.reflect.Method.invoke(Method.java:597)
	at org.testng.internal.MethodInvocationHelper.invokeMethod(MethodInvocationHelper.java:80)
	at org.testng.internal.Invoker.invokeMethod(Invoker.java:714)
	at org.testng.internal.Invoker.invokeTestMethod(Invoker.java:901)
	at org.testng.internal.Invoker.invokeTestMethods(Invoker.java:1231)
	at org.testng.internal.TestMethodWorker.invokeTestMethods(TestMethodWorker.java:127)
	at org.testng.internal.TestMethodWorker.run(TestMethodWorker.java:111)
	at org.testng.TestRunner.privateRun(TestRunner.java:767)
	at org.testng.TestRunner.run(TestRunner.java:617)
	at org.testng.SuiteRunner.runTest(SuiteRunner.java:334)
	at org.testng.SuiteRunner.runSequentially(SuiteRunner.java:329)
	at org.testng.SuiteRunner.privateRun(SuiteRunner.java:291)
	at org.testng.SuiteRunner.run(SuiteRunner.java:240)
	at org.testng.SuiteRunnerWorker.runSuite(SuiteRunnerWorker.java:52)
	at org.testng.SuiteRunnerWorker.run(SuiteRunnerWorker.java:86)
	at org.testng.TestNG.runSuitesSequentially(TestNG.java:1197)
	at org.testng.TestNG.runSuitesLocally(TestNG.java:1122)
	at org.testng.TestNG.run(TestNG.java:1030)
	at org.testng.remote.RemoteTestNG.run(RemoteTestNG.java:111)
	at org.testng.remote.RemoteTestNG.initAndRun(RemoteTestNG.java:204)
	at org.testng.remote.RemoteTestNG.main(RemoteTestNG.java:175)
]]>
    </failure>
  </testcase> <!-- enterStudentInformationOnStep1Page -->
  <testcase name="verifyElementsDisplayOnReviewAndSubmitPage" time="0.000" classname="com.jav.Canada.tests.EOLCanadaEnrollNow_nocourse_Test"/>
  <testcase name="verifyEditButtonOnReviewAndSubmit" time="0.000" classname="com.jav.Canada.tests.EOLCanadaEnrollNow_nocourse_Test"/>
  <testcase name="launchHomePage" time="6.308" classname="com.jav.Canada.tests.EOLCanadaEnrollNow_nocourse_Test"/>
  <testcase name="selectModeOfPaymentandProvideInformation" time="0.000" classname="com.jav.Canada.tests.EOLCanadaEnrollNow_nocourse_Test"/>
  <testcase name="setup" time="8.807" classname="com.jav.Canada.tests.EOLCanadaEnrollNow_nocourse_Test"/>
  <testcase name="homePageactions" time="4.985" classname="com.jav.Canada.tests.EOLCanadaEnrollNow_nocourse_Test"/>
  <testcase name="redirectToThankYouPageAndClickEnrollOnLine" time="0.000" classname="com.jav.Canada.tests.EOLCanadaEnrollNow_nocourse_Test"/>
</testsuite> <!-- com.jav.Canada.tests.EOLCanadaEnrollNow_nocourse_Test -->
