<?xml version="1.0" encoding="UTF-8"?>
<!-- Generated by org.testng.reporters.JUnitReportReporter -->
<testsuite hostname="DLLB0015" name="com.jav.Domestic.tests.EOLDomesticReceiveInfo_nocourse_Test" tests="18" failures="1" timestamp="3 Mar 2013 08:38:29 GMT" time="142.471" errors="0">
  <testcase name="getNumberOfCourseAvailable" time="3.072" classname="com.jav.Domestic.tests.EOLDomesticReceiveInfo_nocourse_Test"/>
  <testcase name="verifyElementsDisplayOnReviewAndSubmitPage" time="6.258" classname="com.jav.Domestic.tests.EOLDomesticReceiveInfo_nocourse_Test"/>
  <testcase name="selectModeOfPaymentandProvideInformation" time="1.739" classname="com.jav.Domestic.tests.EOLDomesticReceiveInfo_nocourse_Test"/>
  <testcase name="verifyElementsDisplayOnStep1EnrollmentProcess" time="0.881" classname="com.jav.Domestic.tests.EOLDomesticReceiveInfo_nocourse_Test"/>
  <testcase name="enterStudentInformationOnStep1Page" time="18.664" classname="com.jav.Domestic.tests.EOLDomesticReceiveInfo_nocourse_Test"/>
  <testcase name="verifyElementsDisplayOnPaymentInformation" time="0.198" classname="com.jav.Domestic.tests.EOLDomesticReceiveInfo_nocourse_Test"/>
  <testcase name="verifyElementDisplayOnPersonalInformationPage" time="1.480" classname="com.jav.Domestic.tests.EOLDomesticReceiveInfo_nocourse_Test"/>
  <testcase name="redirectToThankYouPageAndClickEnrollOnLine" time="7.185" classname="com.jav.Domestic.tests.EOLDomesticReceiveInfo_nocourse_Test"/>
  <testcase name="verifyElementsDisplayAfterSelectModeOfPayment" time="2.591" classname="com.jav.Domestic.tests.EOLDomesticReceiveInfo_nocourse_Test"/>
  <testcase name="enterRemaningInformationOnPersonalInformatoinPage" time="17.227" classname="com.jav.Domestic.tests.EOLDomesticReceiveInfo_nocourse_Test"/>
  <testcase name="verifyredirectToPaymentInformationPage" time="0.127" classname="com.jav.Domestic.tests.EOLDomesticReceiveInfo_nocourse_Test"/>
  <testcase name="verifyEditButtonOnReviewAndSubmit" time="47.007" classname="com.jav.Domestic.tests.EOLDomesticReceiveInfo_nocourse_Test"/>
  <testcase name="launchHomePage" time="5.616" classname="com.jav.Domestic.tests.EOLDomesticReceiveInfo_nocourse_Test"/>
  <testcase name="verifyandClickOnTermAndComtitionsDisplayOnReviewandSubmitPage" time="10.157" classname="com.jav.Domestic.tests.EOLDomesticReceiveInfo_nocourse_Test">
    <failure type="org.openqa.selenium.remote.UnreachableBrowserException" message="Error communicating with the remote browser. It may have died.
Build info: version: &#039;2.25.0&#039;, revision: &#039;17482&#039;, time: &#039;2012-07-18 22:18:01&#039;
System info: os.name: &#039;Windows 7&#039;, os.arch: &#039;x86&#039;, os.version: &#039;6.1&#039;, java.version: &#039;1.6.0_23&#039;
Driver info: driver.version: RemoteWebDriver">
      <![CDATA[org.openqa.selenium.remote.UnreachableBrowserException: Error communicating with the remote browser. It may have died.
Build info: version: '2.25.0', revision: '17482', time: '2012-07-18 22:18:01'
System info: os.name: 'Windows 7', os.arch: 'x86', os.version: '6.1', java.version: '1.6.0_23'
Driver info: driver.version: RemoteWebDriver
	at org.openqa.selenium.remote.RemoteWebDriver.execute(RemoteWebDriver.java:493)
	at org.openqa.selenium.remote.RemoteWebDriver.findElement(RemoteWebDriver.java:268)
	at org.openqa.selenium.remote.RemoteWebDriver.findElementByXPath(RemoteWebDriver.java:353)
	at org.openqa.selenium.By$ByXPath.findElement(By.java:343)
	at org.openqa.selenium.remote.RemoteWebDriver.findElement(RemoteWebDriver.java:260)
	at org.openqa.selenium.support.ui.ExpectedConditions.findElement(ExpectedConditions.java:426)
	at org.openqa.selenium.support.ui.ExpectedConditions.access$000(ExpectedConditions.java:39)
	at org.openqa.selenium.support.ui.ExpectedConditions$4.apply(ExpectedConditions.java:126)
	at org.openqa.selenium.support.ui.ExpectedConditions$4.apply(ExpectedConditions.java:123)
	at org.openqa.selenium.support.ui.FluentWait.until(FluentWait.java:201)
	at com.jav.Domestic.pageobjects.EOLDomesticReceiveInfo_nocourse_UI.acceptTermandConditionOnReviewAndSubmitPage(EOLDomesticReceiveInfo_nocourse_UI.java:1916)
	at com.jav.Domestic.fixture.EOLDomesticReceiveInfo_nocourse_Fixture.clickonTermAndConditionsonReviewandSubmitPage(EOLDomesticReceiveInfo_nocourse_Fixture.java:108)
	at com.jav.Domestic.tests.EOLDomesticReceiveInfo_nocourse_Test.verifyandClickOnTermAndComtitionsDisplayOnReviewandSubmitPage(EOLDomesticReceiveInfo_nocourse_Test.java:326)
	at sun.reflect.NativeMethodAccessorImpl.invoke0(Native Method)
	at sun.reflect.NativeMethodAccessorImpl.invoke(Unknown Source)
	at sun.reflect.DelegatingMethodAccessorImpl.invoke(Unknown Source)
	at java.lang.reflect.Method.invoke(Unknown Source)
	at org.testng.internal.MethodInvocationHelper.invokeMethod(MethodInvocationHelper.java:80)
	at org.testng.internal.Invoker.invokeMethod(Invoker.java:714)
	at org.testng.internal.Invoker.invokeTestMethod(Invoker.java:901)
	at org.testng.internal.Invoker.invokeTestMethods(Invoker.java:1231)
	at org.testng.internal.TestMethodWorker.invokeTestMethods(TestMethodWorker.java:127)
	at org.testng.internal.TestMethodWorker.run(TestMethodWorker.java:111)
	at org.testng.TestRunner.privateRun(TestRunner.java:767)
	at org.testng.TestRunner.run(TestRunner.java:617)
	at org.testng.SuiteRunner.runTest(SuiteRunner.java:334)
	at org.testng.SuiteRunner.runSequentially(SuiteRunner.java:329)
	at org.testng.SuiteRunner.privateRun(SuiteRunner.java:291)
	at org.testng.SuiteRunner.run(SuiteRunner.java:240)
	at org.testng.SuiteRunnerWorker.runSuite(SuiteRunnerWorker.java:52)
	at org.testng.SuiteRunnerWorker.run(SuiteRunnerWorker.java:86)
	at org.testng.TestNG.runSuitesSequentially(TestNG.java:1197)
	at org.testng.TestNG.runSuitesLocally(TestNG.java:1122)
	at org.testng.TestNG.run(TestNG.java:1030)
	at com.jav.Domestic.tests.AllCourse_EOLDomesticReceiveInfo_nocourse_Tests.Test(AllCourse_EOLDomesticReceiveInfo_nocourse_Tests.java:73)
	at sun.reflect.NativeMethodAccessorImpl.invoke0(Native Method)
	at sun.reflect.NativeMethodAccessorImpl.invoke(Unknown Source)
	at sun.reflect.DelegatingMethodAccessorImpl.invoke(Unknown Source)
	at java.lang.reflect.Method.invoke(Unknown Source)
	at org.testng.internal.MethodInvocationHelper.invokeMethod(MethodInvocationHelper.java:80)
	at org.testng.internal.Invoker.invokeMethod(Invoker.java:714)
	at org.testng.internal.Invoker.invokeTestMethod(Invoker.java:901)
	at org.testng.internal.Invoker.invokeTestMethods(Invoker.java:1231)
	at org.testng.internal.TestMethodWorker.invokeTestMethods(TestMethodWorker.java:127)
	at org.testng.internal.TestMethodWorker.run(TestMethodWorker.java:111)
	at org.testng.TestRunner.privateRun(TestRunner.java:767)
	at org.testng.TestRunner.run(TestRunner.java:617)
	at org.testng.SuiteRunner.runTest(SuiteRunner.java:334)
	at org.testng.SuiteRunner.runSequentially(SuiteRunner.java:329)
	at org.testng.SuiteRunner.privateRun(SuiteRunner.java:291)
	at org.testng.SuiteRunner.run(SuiteRunner.java:240)
	at org.testng.SuiteRunnerWorker.runSuite(SuiteRunnerWorker.java:52)
	at org.testng.SuiteRunnerWorker.run(SuiteRunnerWorker.java:86)
	at org.testng.TestNG.runSuitesSequentially(TestNG.java:1197)
	at org.testng.TestNG.runSuitesLocally(TestNG.java:1122)
	at org.testng.TestNG.run(TestNG.java:1030)
	at org.testng.remote.RemoteTestNG.run(RemoteTestNG.java:111)
	at org.testng.remote.RemoteTestNG.initAndRun(RemoteTestNG.java:204)
	at org.testng.remote.RemoteTestNG.main(RemoteTestNG.java:175)
Caused by: org.openqa.selenium.WebDriverException: org.apache.http.conn.HttpHostConnectException: Connection to http://localhost:1430 refused
Build info: version: '2.25.0', revision: '17482', time: '2012-07-18 22:18:01'
System info: os.name: 'Windows 7', os.arch: 'x86', os.version: '6.1', java.version: '1.6.0_23'
Driver info: driver.version: RemoteWebDriver
	at org.openqa.selenium.remote.service.DriverCommandExecutor.execute(DriverCommandExecutor.java:75)
	at org.openqa.selenium.remote.RemoteWebDriver.execute(RemoteWebDriver.java:472)
	... 58 more
Caused by: org.apache.http.conn.HttpHostConnectException: Connection to http://localhost:1430 refused
	at org.apache.http.impl.conn.DefaultClientConnectionOperator.openConnection(DefaultClientConnectionOperator.java:158)
	at org.apache.http.impl.conn.AbstractPoolEntry.open(AbstractPoolEntry.java:149)
	at org.apache.http.impl.conn.AbstractPooledConnAdapter.open(AbstractPooledConnAdapter.java:121)
	at org.apache.http.impl.client.DefaultRequestDirector.tryConnect(DefaultRequestDirector.java:573)
	at org.apache.http.impl.client.DefaultRequestDirector.execute(DefaultRequestDirector.java:425)
	at org.apache.http.impl.client.AbstractHttpClient.execute(AbstractHttpClient.java:820)
	at org.openqa.selenium.remote.HttpCommandExecutor.fallBackExecute(HttpCommandExecutor.java:319)
	at org.openqa.selenium.remote.HttpCommandExecutor.execute(HttpCommandExecutor.java:297)
	at org.openqa.selenium.remote.service.DriverCommandExecutor.execute(DriverCommandExecutor.java:66)
	... 59 more
Caused by: java.net.ConnectException: Connection refused: connect
	at java.net.PlainSocketImpl.socketConnect(Native Method)
	at java.net.PlainSocketImpl.doConnect(Unknown Source)
	at java.net.PlainSocketImpl.connectToAddress(Unknown Source)
	at java.net.PlainSocketImpl.connect(Unknown Source)
	at java.net.SocksSocketImpl.connect(Unknown Source)
	at java.net.Socket.connect(Unknown Source)
	at org.apache.http.conn.scheme.PlainSocketFactory.connectSocket(PlainSocketFactory.java:123)
	at org.apache.http.impl.conn.DefaultClientConnectionOperator.openConnection(DefaultClientConnectionOperator.java:148)
	... 67 more
]]>
    </failure>
  </testcase> <!-- verifyandClickOnTermAndComtitionsDisplayOnReviewandSubmitPage -->
  <testcase name="enterCreditCardInformation" time="3.393" classname="com.jav.Domestic.tests.EOLDomesticReceiveInfo_nocourse_Test"/>
  <testcase name="selectCourseFromAvailableCourses" time="4.948" classname="com.jav.Domestic.tests.EOLDomesticReceiveInfo_nocourse_Test"/>
  <testcase name="setup" time="6.518" classname="com.jav.Domestic.tests.EOLDomesticReceiveInfo_nocourse_Test"/>
  <testcase name="homePageactions" time="5.410" classname="com.jav.Domestic.tests.EOLDomesticReceiveInfo_nocourse_Test"/>
</testsuite> <!-- com.jav.Domestic.tests.EOLDomesticReceiveInfo_nocourse_Test -->
